
> wechaty-getting-started@1.18.7 start /data/www/wechat-bot/getting-started
> cross-env NODE_OPTIONS="--no-warnings --loader=ts-node/esm" WECHATY_LOG=ERROR WECHATY_PUPPET=wechaty-puppet-wechat node examples/ding-dong-bot.ts

StarterBot %s login11111 zhiyinchat
{ res: undefined } onReady
{
  age: 189,
  text: '介绍下ai',
  topic: 'zhiyinchat,林肯差点,rick',
  mention: true,
  isMyself: false,
  name: '林肯差点'
}
http://170.106.168.8:3335/zyj/sayU 99999
{
  age: 8,
  text: '继续',
  topic: 'zhiyinchat,林肯差点,rick',
  mention: true,
  isMyself: false,
  name: '林肯差点'
}
{ requestImage2: false }
file:///data/www/wechat-bot/getting-started/node_modules/.pnpm/wechaty-puppet@1.20.2/node_modules/wechaty-puppet/src/agents/watchdog-agent.ts:65
      this.puppet.emit('error', new Error(
                                ^
GError: WatchdogAgent reset: lastFood: "{"data":"heartbeat@browserbridge ding","timeoutMilliseconds":60000}"
    at Watchdog.reset (file:///data/www/wechat-bot/getting-started/node_modules/.pnpm/wechaty-puppet@1.20.2/node_modules/wechaty-puppet/src/agents/watchdog-agent.ts:65:33)
    at Watchdog.emit (node:events:526:28)
    at Watchdog.emit (node:domain:475:12)
    at Timeout._onTimeout (file:///data/www/wechat-bot/getting-started/node_modules/.pnpm/watchdog@0.9.2/node_modules/watchdog/src/watchdog.ts:115:12)
    at listOnTimeout (node:internal/timers:559:17)
    at processTimers (node:internal/timers:502:7) {
  code: 2,
  details: 'Error: WatchdogAgent reset: lastFood: "{"data":"heartbeat@browserbridge ding","timeoutMilliseconds":60000}"\n' +
    '    at Watchdog.reset (file:///data/www/wechat-bot/getting-started/node_modules/.pnpm/wechaty-puppet@1.20.2/node_modules/wechaty-puppet/src/agents/watchdog-agent.ts:65:33)\n' +
    '    at Watchdog.emit (node:events:526:28)\n' +
    '    at Watchdog.emit (node:domain:475:12)\n' +
    '    at Timeout._onTimeout (file:///data/www/wechat-bot/getting-started/node_modules/.pnpm/watchdog@0.9.2/node_modules/watchdog/src/watchdog.ts:115:12)\n' +
    '    at listOnTimeout (node:internal/timers:559:17)\n' +
    '    at processTimers (node:internal/timers:502:7)'
}

> wechaty-getting-started@1.18.7 start /data/www/wechat-bot/getting-started
> cross-env NODE_OPTIONS="--no-warnings --loader=ts-node/esm" WECHATY_LOG=ERROR WECHATY_PUPPET=wechaty-puppet-wechat node examples/ding-dong-bot.ts

StarterBot %s login11111 zhiyinchat
{ res: undefined } onReady
{
  age: 130,
  text: '继续',
  topic: 'zhiyinchat,林肯差点,rick',
  mention: true,
  isMyself: false,
  name: '林肯差点'
}
{
  age: 130,
  text: '继续',
  topic: 'zhiyinchat,林肯差点,rick',
  mention: true,
  isMyself: false,
  name: '林肯差点'
}
http://170.106.168.8:3335/zyj/sayU 99999
http://170.106.168.8:3335/zyj/sayU 99999
{ requestImage2: false }
{ requestImage2: false }
{
  age: 8,
  text: '请用markdown 发一份ai行业报告',
  topic: 'zhiyinchat,林肯差点,rick',
  mention: true,
  isMyself: false,
  name: '林肯差点'
}
http://170.106.168.8:3335/zyj/sayU 99999
{ requestImage2: false }

> wechaty-getting-started@1.18.7 start /data/www/wechat-bot/getting-started
> cross-env NODE_OPTIONS="--no-warnings --loader=ts-node/esm" WECHATY_LOG=ERROR WECHATY_PUPPET=wechaty-puppet-wechat node examples/ding-dong-bot.ts

▄▄▄▄▄▄▄▄▄▄▄▄▄▄▄▄▄▄▄▄▄▄▄▄▄▄▄▄▄▄▄
█ ▄▄▄▄▄ █▄▀▀▄▄ ▀██▄▀▀██ ▄▄▄▄▄ █
█ █   █ ███▄█ ▄█ ▄▀▀▄██ █   █ █
█ █▄▄▄█ ██▄▀▄▀▀▄▄▄█▄▄██ █▄▄▄█ █
█▄▄▄▄▄▄▄█ █ ▀▄▀ █▄█ █▄█▄▄▄▄▄▄▄█
█  █ ▄█▄██ ▄▄▀▄  █▄▀▀▀█▄▀▀█▀▀▄█
█▄▀█  ▄▄▄ ▀  ▀▄▄▄▀▀▄▀ █▄▀▄▀▄█▀█
██ █ ▄█▄█▄▄█▄▄▀▀▀▀▀▀█▄▄  ▀▀▀▀ █
██▄▄ ▀▀▄▄█▄█ ▄█▄ ▀▄█▄ ██ ▀█ █ █
█▀█▀▀▀ ▄▀▄▄█▀▀  ▀██▀  ▀█▄▀▄▀▀██
█   ▄▀█▄▄▀█▄▄▀ █▄▀▄█  ▀ ▀█ ▀█▄█
█▄▄▄█▄▄▄█▀▀ █▄▀█ ▄  ▀ ▄▄▄  ▄▄██
█ ▄▄▄▄▄ ██  █▄█▀ ▄▀█  █▄█ ▄████
█ █   █ █  ██▀▄ ▀ ▀▀▄  ▄▄▄▄█▄▀█
█ █▄▄▄█ █▀▀ █▀▀  ██▀▄▄ ▀▄ ▀ ▄ █
█▄▄▄▄▄▄▄█▄▄█▄▄█████▄▄▄█████████

 ELIFECYCLE  Command failed with exit code 1.

> wechaty-getting-started@1.18.7 start /data/www/wechat-bot/getting-started
> cross-env NODE_OPTIONS="--no-warnings --loader=ts-node/esm" WECHATY_LOG=ERROR WECHATY_PUPPET=wechaty-puppet-wechat node examples/ding-dong-bot.ts

StarterBot %s login11111 zhiyinchat
{ res: undefined } onReady
{
  age: 9,
  text: '磕到眼角有淤血怎么办',
  topic: 'zhiyinchat,林肯差点,rick',
  mention: true,
  isMyself: false,
  name: '林肯差点'
}
http://170.106.168.8:3335/zyj/sayU 99999
{ requestImage2: false }
{
  age: 8,
  text: '还在思啊',
  topic: 'zhiyinchat,林肯差点,rick',
  mention: true,
  isMyself: false,
  name: '林肯差点'
}
http://170.106.168.8:3335/zyj/sayU 99999
{ requestImage2: false }
